0 verbose cli /usr/local/bin/node /usr/local/bin/npm
1 info using npm@10.9.3
2 info using node@v22.18.0
3 silly config load:file:/usr/local/lib/node_modules/npm/npmrc
4 silly config load:file:/Volumes/SAGAR 128GB/PERSONAL TRACKER/.npmrc
5 silly config load:file:/Users/sagarvaishanva/.npmrc
6 silly config load:file:/usr/local/etc/npmrc
7 verbose title npm install @supabase/supabase-js
8 verbose argv "install" "@supabase/supabase-js" "--cache" "./.npm-cache"
9 verbose logfile logs-max:10 dir:/Volumes/SAGAR 128GB/PERSONAL TRACKER/.npm-cache/_logs/2026-01-13T19_56_19_032Z-
10 verbose logfile /Volumes/SAGAR 128GB/PERSONAL TRACKER/.npm-cache/_logs/2026-01-13T19_56_19_032Z-debug-0.log
11 silly logfile done cleaning log files
12 silly packumentCache heap:2197815296 maxSize:549453824 maxEntrySize:274726912
13 silly idealTree buildDeps
14 silly fetch manifest @supabase/supabase-js@*
15 silly packumentCache full:https://registry.npmjs.org/@supabase%2fsupabase-js cache-miss
16 http fetch GET 200 https://registry.npmjs.org/npm 2479ms
17 http fetch GET 200 https://registry.npmjs.org/@supabase%2fsupabase-js 2647ms (cache miss)
18 silly packumentCache full:https://registry.npmjs.org/@supabase%2fsupabase-js set size:undefined disposed:false
19 silly placeDep ROOT @supabase/supabase-js@2.90.1 OK for: personal-tracker-app@0.1.0 want: *
20 silly fetch manifest @supabase/auth-js@2.90.1
21 silly packumentCache full:https://registry.npmjs.org/@supabase%2fauth-js cache-miss
22 silly fetch manifest @supabase/storage-js@2.90.1
23 silly packumentCache full:https://registry.npmjs.org/@supabase%2fstorage-js cache-miss
24 silly fetch manifest @supabase/realtime-js@2.90.1
25 silly packumentCache full:https://registry.npmjs.org/@supabase%2frealtime-js cache-miss
26 http fetch GET 200 https://registry.npmjs.org/@supabase%2fauth-js 174ms (cache miss)
27 silly packumentCache full:https://registry.npmjs.org/@supabase%2fauth-js set size:undefined disposed:false
28 silly fetch manifest @supabase/functions-js@2.90.1
29 silly packumentCache full:https://registry.npmjs.org/@supabase%2ffunctions-js cache-miss
30 http fetch GET 200 https://registry.npmjs.org/@supabase%2ffunctions-js 194ms (cache miss)
31 silly packumentCache full:https://registry.npmjs.org/@supabase%2ffunctions-js set size:undefined disposed:false
32 silly fetch manifest @supabase/postgrest-js@2.90.1
33 silly packumentCache full:https://registry.npmjs.org/@supabase%2fpostgrest-js cache-miss
34 http fetch GET 200 https://registry.npmjs.org/@supabase%2fpostgrest-js 177ms (cache miss)
35 silly packumentCache full:https://registry.npmjs.org/@supabase%2fpostgrest-js set size:undefined disposed:false
36 http fetch GET 200 https://registry.npmjs.org/@supabase%2frealtime-js 948ms (cache miss)
37 silly packumentCache full:https://registry.npmjs.org/@supabase%2frealtime-js set size:undefined disposed:false
38 http fetch GET 200 https://registry.npmjs.org/@supabase%2fstorage-js 1255ms (cache miss)
39 silly packumentCache full:https://registry.npmjs.org/@supabase%2fstorage-js set size:undefined disposed:false
40 silly placeDep ROOT @supabase/auth-js@2.90.1 OK for: @supabase/supabase-js@2.90.1 want: 2.90.1
41 silly placeDep ROOT @supabase/functions-js@2.90.1 OK for: @supabase/supabase-js@2.90.1 want: 2.90.1
42 silly placeDep ROOT @supabase/postgrest-js@2.90.1 OK for: @supabase/supabase-js@2.90.1 want: 2.90.1
43 silly placeDep ROOT @supabase/realtime-js@2.90.1 OK for: @supabase/supabase-js@2.90.1 want: 2.90.1
44 silly placeDep ROOT @supabase/storage-js@2.90.1 OK for: @supabase/supabase-js@2.90.1 want: 2.90.1
45 silly fetch manifest ws@^8.18.2
46 silly packumentCache full:https://registry.npmjs.org/ws cache-miss
47 silly fetch manifest @types/ws@^8.18.1
48 silly packumentCache full:https://registry.npmjs.org/@types%2fws cache-miss
49 silly fetch manifest @types/phoenix@^1.6.6
50 silly packumentCache full:https://registry.npmjs.org/@types%2fphoenix cache-miss
51 http fetch GET 200 https://registry.npmjs.org/@types%2fphoenix 176ms (cache miss)
52 silly packumentCache full:https://registry.npmjs.org/@types%2fphoenix set size:undefined disposed:false
53 silly fetch manifest iceberg-js@^0.8.1
54 silly packumentCache full:https://registry.npmjs.org/iceberg-js cache-miss
55 http fetch GET 200 https://registry.npmjs.org/@types%2fws 325ms (cache miss)
56 silly packumentCache full:https://registry.npmjs.org/@types%2fws set size:undefined disposed:false
57 http fetch GET 200 https://registry.npmjs.org/ws 333ms (cache miss)
58 silly packumentCache full:https://registry.npmjs.org/ws set size:undefined disposed:false
59 http fetch GET 200 https://registry.npmjs.org/iceberg-js 93ms (cache miss)
60 silly packumentCache full:https://registry.npmjs.org/iceberg-js set size:undefined disposed:false
61 silly fetch manifest bufferutil@^4.0.1
62 silly packumentCache full:https://registry.npmjs.org/bufferutil cache-miss
63 http fetch GET 200 https://registry.npmjs.org/bufferutil 172ms (cache miss)
64 silly packumentCache full:https://registry.npmjs.org/bufferutil set size:undefined disposed:false
65 silly fetch manifest utf-8-validate@>=5.0.2
66 silly packumentCache full:https://registry.npmjs.org/utf-8-validate cache-miss
67 http fetch GET 200 https://registry.npmjs.org/utf-8-validate 121ms (cache miss)
68 silly packumentCache full:https://registry.npmjs.org/utf-8-validate set size:undefined disposed:false
69 silly placeDep ROOT @types/phoenix@1.6.7 OK for: @supabase/realtime-js@2.90.1 want: ^1.6.6
70 silly placeDep ROOT @types/ws@8.18.1 OK for: @supabase/realtime-js@2.90.1 want: ^8.18.1
71 silly placeDep ROOT ws@8.19.0 OK for: @supabase/realtime-js@2.90.1 want: ^8.18.2
72 silly placeDep ROOT iceberg-js@0.8.1 OK for: @supabase/storage-js@2.90.1 want: ^0.8.1
73 silly reify moves {}
74 silly audit bulk request {
74 silly audit   '@babel/code-frame': [ '7.28.6' ],
74 silly audit   '@babel/compat-data': [ '7.28.6' ],
74 silly audit   '@babel/core': [ '7.28.6' ],
74 silly audit   '@babel/generator': [ '7.28.6' ],
74 silly audit   '@babel/helper-annotate-as-pure': [ '7.27.3' ],
74 silly audit   '@babel/helper-compilation-targets': [ '7.28.6' ],
74 silly audit   '@babel/helper-create-class-features-plugin': [ '7.28.6' ],
74 silly audit   '@babel/helper-create-regexp-features-plugin': [ '7.28.5' ],
74 silly audit   '@babel/helper-define-polyfill-provider': [ '0.6.5' ],
74 silly audit   '@babel/helper-globals': [ '7.28.0' ],
74 silly audit   '@babel/helper-member-expression-to-functions': [ '7.28.5' ],
74 silly audit   '@babel/helper-module-imports': [ '7.28.6' ],
74 silly audit   '@babel/helper-module-transforms': [ '7.28.6' ],
74 silly audit   '@babel/helper-optimise-call-expression': [ '7.27.1' ],
74 silly audit   '@babel/helper-plugin-utils': [ '7.28.6' ],
74 silly audit   '@babel/helper-remap-async-to-generator': [ '7.27.1' ],
74 silly audit   '@babel/helper-replace-supers': [ '7.28.6' ],
74 silly audit   '@babel/helper-skip-transparent-expression-wrappers': [ '7.27.1' ],
74 silly audit   '@babel/helper-string-parser': [ '7.27.1' ],
74 silly audit   '@babel/helper-validator-identifier': [ '7.28.5' ],
74 silly audit   '@babel/helper-validator-option': [ '7.27.1' ],
74 silly audit   '@babel/helper-wrap-function': [ '7.28.6' ],
74 silly audit   '@babel/helpers': [ '7.28.6' ],
74 silly audit   '@babel/parser': [ '7.28.6' ],
74 silly audit   '@babel/plugin-bugfix-firefox-class-in-computed-class-key': [ '7.28.5' ],
74 silly audit   '@babel/plugin-bugfix-safari-class-field-initializer-scope': [ '7.27.1' ],
74 silly audit   '@babel/plugin-bugfix-safari-id-destructuring-collision-in-function-expression': [ '7.27.1' ],
74 silly audit   '@babel/plugin-bugfix-v8-spread-parameters-in-optional-chaining': [ '7.27.1' ],
74 silly audit   '@babel/plugin-bugfix-v8-static-class-fields-redefine-readonly': [ '7.28.6' ],
74 silly audit   '@babel/plugin-proposal-private-property-in-object': [ '7.21.0-placeholder-for-preset-env.2' ],
74 silly audit   '@babel/plugin-syntax-import-assertions': [ '7.28.6' ],
74 silly audit   '@babel/plugin-syntax-import-attributes': [ '7.28.6' ],
74 silly audit   '@babel/plugin-syntax-unicode-sets-regex': [ '7.18.6' ],
74 silly audit   '@babel/plugin-transform-arrow-functions': [ '7.27.1' ],
74 silly audit   '@babel/plugin-transform-async-generator-functions': [ '7.28.6' ],
74 silly audit   '@babel/plugin-transform-async-to-generator': [ '7.28.6' ],
74 silly audit   '@babel/plugin-transform-block-scoped-functions': [ '7.27.1' ],
74 silly audit   '@babel/plugin-transform-block-scoping': [ '7.28.6' ],
74 silly audit   '@babel/plugin-transform-class-properties': [ '7.28.6' ],
74 silly audit   '@babel/plugin-transform-class-static-block': [ '7.28.6' ],
74 silly audit   '@babel/plugin-transform-classes': [ '7.28.6' ],
74 silly audit   '@babel/plugin-transform-computed-properties': [ '7.28.6' ],
74 silly audit   '@babel/plugin-transform-destructuring': [ '7.28.5' ],
74 silly audit   '@babel/plugin-transform-dotall-regex': [ '7.28.6' ],
74 silly audit   '@babel/plugin-transform-duplicate-keys': [ '7.27.1' ],
74 silly audit   '@babel/plugin-transform-duplicate-named-capturing-groups-regex': [ '7.28.6' ],
74 silly audit   '@babel/plugin-transform-dynamic-import': [ '7.27.1' ],
74 silly audit   '@babel/plugin-transform-explicit-resource-management': [ '7.28.6' ],
74 silly audit   '@babel/plugin-transform-exponentiation-operator': [ '7.28.6' ],
74 silly audit   '@babel/plugin-transform-export-namespace-from': [ '7.27.1' ],
74 silly audit   '@babel/plugin-transform-for-of': [ '7.27.1' ],
74 silly audit   '@babel/plugin-transform-function-name': [ '7.27.1' ],
74 silly audit   '@babel/plugin-transform-json-strings': [ '7.28.6' ],
74 silly audit   '@babel/plugin-transform-literals': [ '7.27.1' ],
74 silly audit   '@babel/plugin-transform-logical-assignment-operators': [ '7.28.6' ],
74 silly audit   '@babel/plugin-transform-member-expression-literals': [ '7.27.1' ],
74 silly audit   '@babel/plugin-transform-modules-amd': [ '7.27.1' ],
74 silly audit   '@babel/plugin-transform-modules-commonjs': [ '7.28.6' ],
74 silly audit   '@babel/plugin-transform-modules-systemjs': [ '7.28.5' ],
74 silly audit   '@babel/plugin-transform-modules-umd': [ '7.27.1' ],
74 silly audit   '@babel/plugin-transform-named-capturing-groups-regex': [ '7.27.1' ],
74 silly audit   '@babel/plugin-transform-new-target': [ '7.27.1' ],
74 silly audit   '@babel/plugin-transform-nullish-coalescing-operator': [ '7.28.6' ],
74 silly audit   '@babel/plugin-transform-numeric-separator': [ '7.28.6' ],
74 silly audit   '@babel/plugin-transform-object-rest-spread': [ '7.28.6' ],
74 silly audit   '@babel/plugin-transform-object-super': [ '7.27.1' ],
74 silly audit   '@babel/plugin-transform-optional-catch-binding': [ '7.28.6' ],
74 silly audit   '@babel/plugin-transform-optional-chaining': [ '7.28.6' ],
74 silly audit   '@babel/plugin-transform-parameters': [ '7.27.7' ],
74 silly audit   '@babel/plugin-transform-private-methods': [ '7.28.6' ],
74 silly audit   '@babel/plugin-transform-private-property-in-object': [ '7.28.6' ],
74 silly audit   '@babel/plugin-transform-property-literals': [ '7.27.1' ],
74 silly audit   '@babel/plugin-transform-regenerator': [ '7.28.6' ],
74 silly audit   '@babel/plugin-transform-regexp-modifiers': [ '7.28.6' ],
74 silly audit   '@babel/plugin-transform-reserved-words': [ '7.27.1' ],
74 silly audit   '@babel/plugin-transform-shorthand-properties': [ '7.27.1' ],
74 silly audit   '@babel/plugin-transform-spread': [ '7.28.6' ],
74 silly audit   '@babel/plugin-transform-sticky-regex': [ '7.27.1' ],
74 silly audit   '@babel/plugin-transform-template-literals': [ '7.27.1' ],
74 silly audit   '@babel/plugin-transform-typeof-symbol': [ '7.27.1' ],
74 silly audit   '@babel/plugin-transform-unicode-escapes': [ '7.27.1' ],
74 silly audit   '@babel/plugin-transform-unicode-property-regex': [ '7.28.6' ],
74 silly audit   '@babel/plugin-transform-unicode-regex': [ '7.27.1' ],
74 silly audit   '@babel/plugin-transform-unicode-sets-regex': [ '7.28.6' ],
74 silly audit   '@babel/preset-env': [ '7.28.6' ],
74 silly audit   '@babel/preset-modules': [ '0.1.6-no-external-plugins' ],
74 silly audit   '@babel/runtime': [ '7.28.6' ],
74 silly audit   '@babel/template': [ '7.28.6' ],
74 silly audit   '@babel/traverse': [ '7.28.6' ],
74 silly audit   '@babel/types': [ '7.28.6' ],
74 silly audit   '@emnapi/core': [ '1.8.1' ],
74 silly audit   '@emnapi/runtime': [ '1.8.1' ],
74 silly audit   '@emnapi/wasi-threads': [ '1.1.0' ],
74 silly audit   '@eslint-community/eslint-utils': [ '4.9.1' ],
74 silly audit   'eslint-visitor-keys': [ '3.4.3', '4.2.1' ],
74 silly audit   '@eslint-community/regexpp': [ '4.12.2' ],
74 silly audit   '@eslint/config-array': [ '0.21.1' ],
74 silly audit   '@eslint/config-helpers': [ '0.4.2' ],
74 silly audit   '@eslint/core': [ '0.17.0' ],
74 silly audit   '@eslint/eslintrc': [ '3.3.3' ],
74 silly audit   '@eslint/js': [ '9.39.2' ],
74 silly audit   '@eslint/object-schema': [ '2.1.7' ],
74 silly audit   '@eslint/plugin-kit': [ '0.4.1' ],
74 silly audit   '@humanfs/core': [ '0.19.1' ],
74 silly audit   '@humanfs/node': [ '0.16.7' ],
74 silly audit   '@humanwhocodes/module-importer': [ '1.0.1' ],
74 silly audit   '@humanwhocodes/retry': [ '0.4.3' ],
74 silly audit   '@img/colour': [ '1.0.0' ],
74 silly audit   '@img/sharp-darwin-arm64': [ '0.34.5' ],
74 silly audit   '@img/sharp-darwin-x64': [ '0.34.5' ],
74 silly audit   '@img/sharp-libvips-darwin-arm64': [ '1.2.4' ],
74 silly audit   '@img/sharp-libvips-darwin-x64': [ '1.2.4' ],
74 silly audit   '@img/sharp-libvips-linux-arm': [ '1.2.4' ],
74 silly audit   '@img/sharp-libvips-linux-arm64': [ '1.2.4' ],
74 silly audit   '@img/sharp-libvips-linux-ppc64': [ '1.2.4' ],
74 silly audit   '@img/sharp-libvips-linux-riscv64': [ '1.2.4' ],
74 silly audit   '@img/sharp-libvips-linux-s390x': [ '1.2.4' ],
74 silly audit   '@img/sharp-libvips-linux-x64': [ '1.2.4' ],
74 silly audit   '@img/sharp-libvips-linuxmusl-arm64': [ '1.2.4' ],
74 silly audit   '@img/sharp-libvips-linuxmusl-x64': [ '1.2.4' ],
74 silly audit   '@img/sharp-linux-arm': [ '0.34.5' ],
74 silly audit   '@img/sharp-linux-arm64': [ '0.34.5' ],
74 silly audit   '@img/sharp-linux-ppc64': [ '0.34.5' ],
74 silly audit   '@img/sharp-linux-riscv64': [ '0.34.5' ],
74 silly audit   '@img/sharp-linux-s390x': [ '0.34.5' ],
74 silly audit   '@img/sharp-linux-x64': [ '0.34.5' ],
74 silly audit   '@img/sharp-linuxmusl-arm64': [ '0.34.5' ],
74 silly audit   '@img/sharp-linuxmusl-x64': [ '0.34.5' ],
74 silly audit   '@img/sharp-wasm32': [ '0.34.5' ],
74 silly audit   '@img/sharp-win32-arm64': [ '0.34.5' ],
74 silly audit   '@img/sharp-win32-ia32': [ '0.34.5' ],
74 silly audit   '@img/sharp-win32-x64': [ '0.34.5' ],
74 silly audit   '@jridgewell/gen-mapping': [ '0.3.13' ],
74 silly audit   '@jridgewell/remapping': [ '2.3.5' ],
74 silly audit   '@jridgewell/resolve-uri': [ '3.1.2' ],
74 silly audit   '@jridgewell/source-map': [ '0.3.11' ],
74 silly audit   '@jridgewell/sourcemap-codec': [ '1.5.5' ],
74 silly audit   '@jridgewell/trace-mapping': [ '0.3.31' ],
74 silly audit   '@napi-rs/wasm-runtime': [ '0.2.12' ],
74 silly audit   '@next/env': [ '16.1.1' ],
74 silly audit   '@next/eslint-plugin-next': [ '16.1.1' ],
74 silly audit   '@next/swc-darwin-arm64': [ '16.1.1' ],
74 silly audit   '@next/swc-darwin-x64': [ '16.1.1' ],
74 silly audit   '@next/swc-linux-arm64-gnu': [ '16.1.1' ],
74 silly audit   '@next/swc-linux-arm64-musl': [ '16.1.1' ],
74 silly audit   '@next/swc-linux-x64-gnu': [ '16.1.1' ],
74 silly audit   '@next/swc-linux-x64-musl': [ '16.1.1' ],
74 silly audit   '@next/swc-win32-arm64-msvc': [ '16.1.1' ],
74 silly audit   '@next/swc-win32-x64-msvc': [ '16.1.1' ],
74 silly audit   '@nodelib/fs.scandir': [ '2.1.5' ],
74 silly audit   '@nodelib/fs.stat': [ '2.0.5' ],
74 silly audit   '@nodelib/fs.walk': [ '1.2.8' ],
74 silly audit   '@nolyfill/is-core-module': [ '1.0.39' ],
74 silly audit   '@rollup/plugin-babel': [ '5.3.1' ],
74 silly audit   '@rollup/plugin-node-resolve': [ '11.2.1' ],
74 silly audit   '@rollup/plugin-replace': [ '2.4.2' ],
74 silly audit   '@rollup/pluginutils': [ '3.1.0' ],
74 silly audit   '@types/estree': [ '0.0.39', '1.0.8' ],
74 silly audit   '@rtsao/scc': [ '1.1.0' ],
74 silly audit   '@surma/rollup-plugin-off-main-thread': [ '2.2.3' ],
74 silly audit   '@swc/helpers': [ '0.5.15' ],
74 silly audit   '@tybys/wasm-util': [ '0.10.1' ],
74 silly audit   '@types/eslint': [ '9.6.1' ],
74 silly audit   '@types/eslint-scope': [ '3.7.7' ],
74 silly audit   '@types/glob': [ '7.2.0' ],
74 silly audit   '@types/json-schema': [ '7.0.15' ],
74 silly audit   '@types/json5': [ '0.0.29' ],
74 silly audit   '@types/minimatch': [ '5.1.2' ],
74 silly audit   '@types/node': [ '25.0.8' ],
74 silly audit   '@types/resolve': [ '1.17.1' ],
74 silly audit   '@types/trusted-types': [ '2.0.7' ],
74 silly audit   '@typescript-eslint/eslint-plugin': [ '8.53.0' ],
74 silly audit   ignore: [ '7.0.5', '5.3.2' ],
74 silly audit   '@typescript-eslint/parser': [ '8.53.0' ],
74 silly audit   '@typescript-eslint/project-service': [ '8.53.0' ],
74 silly audit   '@typescript-eslint/scope-manager': [ '8.53.0' ],
74 silly audit   '@typescript-eslint/tsconfig-utils': [ '8.53.0' ],
74 silly audit   '@typescript-eslint/type-utils': [ '8.53.0' ],
74 silly audit   '@typescript-eslint/types': [ '8.53.0' ],
74 silly audit   '@typescript-eslint/typescript-estree': [ '8.53.0' ],
74 silly audit   'brace-expansion': [ '2.0.2', '1.1.12' ],
74 silly audit   minimatch: [ '9.0.5', '5.1.6', '3.1.2' ],
74 silly audit   semver: [ '7.7.3', '6.3.1' ],
74 silly audit   '@typescript-eslint/utils': [ '8.53.0' ],
74 silly audit   '@typescript-eslint/visitor-keys': [ '8.53.0' ],
74 silly audit   '@unrs/resolver-binding-android-arm-eabi': [ '1.11.1' ],
74 silly audit   '@unrs/resolver-binding-android-arm64': [ '1.11.1' ],
74 silly audit   '@unrs/resolver-binding-darwin-arm64': [ '1.11.1' ],
74 silly audit   '@unrs/resolver-binding-darwin-x64': [ '1.11.1' ],
74 silly audit   '@unrs/resolver-binding-freebsd-x64': [ '1.11.1' ],
74 silly audit   '@unrs/resolver-binding-linux-arm-gnueabihf': [ '1.11.1' ],
74 silly audit   '@unrs/resolver-binding-linux-arm-musleabihf': [ '1.11.1' ],
74 silly audit   '@unrs/resolver-binding-linux-arm64-gnu': [ '1.11.1' ],
74 silly audit   '@unrs/resolver-binding-linux-arm64-musl': [ '1.11.1' ],
74 silly audit   '@unrs/resolver-binding-linux-ppc64-gnu': [ '1.11.1' ],
74 silly audit   '@unrs/resolver-binding-linux-riscv64-gnu': [ '1.11.1' ],
74 silly audit   '@unrs/resolver-binding-linux-riscv64-musl': [ '1.11.1' ],
74 silly audit   '@unrs/resolver-binding-linux-s390x-gnu': [ '1.11.1' ],
74 silly audit   '@unrs/resolver-binding-linux-x64-gnu': [ '1.11.1' ],
74 silly audit   '@unrs/resolver-binding-linux-x64-musl': [ '1.11.1' ],
74 silly audit   '@unrs/resolver-binding-wasm32-wasi': [ '1.11.1' ],
74 silly audit   '@unrs/resolver-binding-win32-arm64-msvc': [ '1.11.1' ],
74 silly audit   '@unrs/resolver-binding-win32-ia32-msvc': [ '1.11.1' ],
74 silly audit   '@unrs/resolver-binding-win32-x64-msvc': [ '1.11.1' ],
74 silly audit   '@webassemblyjs/ast': [ '1.14.1' ],
74 silly audit   '@webassemblyjs/floating-point-hex-parser': [ '1.13.2' ],
74 silly audit   '@webassemblyjs/helper-api-error': [ '1.13.2' ],
74 silly audit   '@webassemblyjs/helper-buffer': [ '1.14.1' ],
74 silly audit   '@webassemblyjs/helper-numbers': [ '1.13.2' ],
74 silly audit   '@webassemblyjs/helper-wasm-bytecode': [ '1.13.2' ],
74 silly audit   '@webassemblyjs/helper-wasm-section': [ '1.14.1' ],
74 silly audit   '@webassemblyjs/ieee754': [ '1.13.2' ],
74 silly audit   '@webassemblyjs/leb128': [ '1.13.2' ],
74 silly audit   '@webassemblyjs/utf8': [ '1.13.2' ],
74 silly audit   '@webassemblyjs/wasm-edit': [ '1.14.1' ],
74 silly audit   '@webassemblyjs/wasm-gen': [ '1.14.1' ],
74 silly audit   '@webassemblyjs/wasm-opt': [ '1.14.1' ],
74 silly audit   '@webassemblyjs/wasm-parser': [ '1.14.1' ],
74 silly audit   '@webassemblyjs/wast-printer': [ '1.14.1' ],
74 silly audit   '@xtuc/ieee754': [ '1.2.0' ],
74 silly audit   '@xtuc/long': [ '4.2.2' ],
74 silly audit   acorn: [ '8.15.0' ],
74 silly audit   'acorn-import-phases': [ '1.0.4' ],
74 silly audit   'acorn-jsx': [ '5.3.2' ],
74 silly audit   ajv: [ '6.12.6', '8.17.1' ],
74 silly audit   'ajv-formats': [ '2.1.1' ],
74 silly audit   'json-schema-traverse': [ '1.0.0', '0.4.1' ],
74 silly audit   'ajv-keywords': [ '3.5.2', '5.1.0' ],
74 silly audit   'ansi-styles': [ '4.3.0' ],
74 silly audit   argparse: [ '2.0.1' ],
74 silly audit   'aria-query': [ '5.3.2' ],
74 silly audit   'array-buffer-byte-length': [ '1.0.2' ],
74 silly audit   'array-includes': [ '3.1.9' ],
74 silly audit   'array-union': [ '2.1.0', '1.0.2' ],
74 silly audit   'array-uniq': [ '1.0.3' ],
74 silly audit   'array.prototype.findlast': [ '1.2.5' ],
74 silly audit   'array.prototype.findlastindex': [ '1.2.6' ],
74 silly audit   'array.prototype.flat': [ '1.3.3' ],
74 silly audit   'array.prototype.flatmap': [ '1.3.3' ],
74 silly audit   'array.prototype.tosorted': [ '1.1.4' ],
74 silly audit   'arraybuffer.prototype.slice': [ '1.0.4' ],
74 silly audit   'ast-types-flow': [ '0.0.8' ],
74 silly audit   async: [ '3.2.6' ],
74 silly audit   'async-function': [ '1.0.0' ],
74 silly audit   'at-least-node': [ '1.0.0' ],
74 silly audit   'available-typed-arrays': [ '1.0.7' ],
74 silly audit   'axe-core': [ '4.11.1' ],
74 silly audit   'axobject-query': [ '4.1.0' ],
74 silly audit   'babel-loader': [ '8.4.1' ],
74 silly audit   'babel-plugin-polyfill-corejs2': [ '0.4.14' ],
74 silly audit   'babel-plugin-polyfill-corejs3': [ '0.13.0' ],
74 silly audit   'babel-plugin-polyfill-regenerator': [ '0.6.5' ],
74 silly audit   'balanced-match': [ '1.0.2' ],
74 silly audit   'baseline-browser-mapping': [ '2.9.14' ],
74 silly audit   'big.js': [ '5.2.2' ],
74 silly audit   braces: [ '3.0.3' ],
74 silly audit   browserslist: [ '4.28.1' ],
74 silly audit   'buffer-from': [ '1.1.2' ],
74 silly audit   'builtin-modules': [ '3.3.0' ],
74 silly audit   'call-bind': [ '1.0.8' ],
74 silly audit   'call-bind-apply-helpers': [ '1.0.2' ],
74 silly audit   'call-bound': [ '1.0.4' ],
74 silly audit   callsites: [ '3.1.0' ],
74 silly audit   'caniuse-lite': [ '1.0.30001764' ],
74 silly audit   chalk: [ '4.1.2' ],
74 silly audit   'chrome-trace-event': [ '1.0.4' ],
74 silly audit   'clean-webpack-plugin': [ '4.0.0' ],
74 silly audit   'client-only': [ '0.0.1' ],
74 silly audit   'color-convert': [ '2.0.1' ],
74 silly audit   'color-name': [ '1.1.4' ],
74 silly audit   commander: [ '2.20.3' ],
74 silly audit   'common-tags': [ '1.8.2' ],
74 silly audit   commondir: [ '1.0.1' ],
74 silly audit   'concat-map': [ '0.0.1' ],
74 silly audit   'convert-source-map': [ '2.0.0' ],
74 silly audit   'core-js-compat': [ '3.47.0' ],
74 silly audit   'cross-spawn': [ '7.0.6' ],
74 silly audit   'crypto-random-string': [ '2.0.0' ],
74 silly audit   'damerau-levenshtein': [ '1.0.8' ],
74 silly audit   'data-view-buffer': [ '1.0.2' ],
74 silly audit   'data-view-byte-length': [ '1.0.2' ],
74 silly audit   'data-view-byte-offset': [ '1.0.1' ],
74 silly audit   debug: [ '4.4.3', '3.2.7' ],
74 silly audit   'deep-is': [ '0.1.4' ],
74 silly audit   deepmerge: [ '4.3.1' ],
74 silly audit   'define-data-property': [ '1.1.4' ],
74 silly audit   'define-properties': [ '1.2.1' ],
74 silly audit   del: [ '4.1.1' ],
74 silly audit   globby: [ '6.1.0', '11.1.0' ],
74 silly audit   pify: [ '2.3.0', '4.0.1' ],
74 silly audit   'detect-libc': [ '2.1.2' ],
74 silly audit   'dir-glob': [ '3.0.1' ],
74 silly audit   doctrine: [ '2.1.0' ],
74 silly audit   'dunder-proto': [ '1.0.1' ],
74 silly audit   ejs: [ '3.1.10' ],
74 silly audit   'electron-to-chromium': [ '1.5.267' ],
74 silly audit   'emoji-regex': [ '9.2.2' ],
74 silly audit   'emojis-list': [ '3.0.0' ],
74 silly audit   'enhanced-resolve': [ '5.18.4' ],
74 silly audit   'es-abstract': [ '1.24.1' ],
74 silly audit   'es-define-property': [ '1.0.1' ],
74 silly audit   'es-errors': [ '1.3.0' ],
74 silly audit   'es-iterator-helpers': [ '1.2.2' ],
74 silly audit   'es-module-lexer': [ '2.0.0' ],
74 silly audit   'es-object-atoms': [ '1.1.1' ],
74 silly audit   'es-set-tostringtag': [ '2.1.0' ],
74 silly audit   'es-shim-unscopables': [ '1.1.0' ],
74 silly audit   'es-to-primitive': [ '1.3.0' ],
74 silly audit   escalade: [ '3.2.0' ],
74 silly audit   'escape-string-regexp': [ '4.0.0' ],
74 silly audit   eslint: [ '9.39.2' ],
74 silly audit   'eslint-config-next': [ '16.1.1' ],
74 silly audit   globals: [ '16.4.0', '14.0.0' ],
74 silly audit   'eslint-import-resolver-node': [ '0.3.9' ],
74 silly audit   'eslint-import-resolver-typescript': [ '3.10.1' ],
74 silly audit   'eslint-module-utils': [ '2.12.1' ],
74 silly audit   'eslint-plugin-import': [ '2.32.0' ],
74 silly audit   'eslint-plugin-jsx-a11y': [ '6.10.2' ],
74 silly audit   'eslint-plugin-react': [ '7.37.5' ],
74 silly audit   'eslint-plugin-react-hooks': [ '7.0.1' ],
74 silly audit   resolve: [ '2.0.0-next.5', '1.22.11' ],
74 silly audit   'eslint-scope': [ '8.4.0', '5.1.1' ],
74 silly audit   espree: [ '10.4.0' ],
74 silly audit   esquery: [ '1.7.0' ],
74 silly audit   esrecurse: [ '4.3.0' ],
74 silly audit   estraverse: [ '5.3.0', '4.3.0' ],
74 silly audit   'estree-walker': [ '1.0.1' ],
74 silly audit   esutils: [ '2.0.3' ],
74 silly audit   events: [ '3.3.0' ],
74 silly audit   'fast-deep-equal': [ '3.1.3' ],
74 silly audit   'fast-glob': [ '3.3.1' ],
74 silly audit   'glob-parent': [ '5.1.2', '6.0.2' ],
74 silly audit   'fast-json-stable-stringify': [ '2.1.0' ],
74 silly audit   'fast-levenshtein': [ '2.0.6' ],
74 silly audit   'fast-uri': [ '3.1.0' ],
74 silly audit   fastq: [ '1.20.1' ],
74 silly audit   'file-entry-cache': [ '8.0.0' ],
74 silly audit   filelist: [ '1.0.4' ],
74 silly audit   'fill-range': [ '7.1.1' ],
74 silly audit   'find-cache-dir': [ '3.3.2' ],
74 silly audit   'find-up': [ '5.0.0', '4.1.0' ],
74 silly audit   'flat-cache': [ '4.0.1' ],
74 silly audit   flatted: [ '3.3.3' ],
74 silly audit   'for-each': [ '0.3.5' ],
74 silly audit   'fs-extra': [ '9.1.0' ],
74 silly audit   'fs.realpath': [ '1.0.0' ],
74 silly audit   fsevents: [ '2.3.3' ],
74 silly audit   'function-bind': [ '1.1.2' ],
74 silly audit   'function.prototype.name': [ '1.1.8' ],
74 silly audit   'functions-have-names': [ '1.2.3' ],
74 silly audit   'generator-function': [ '2.0.1' ],
74 silly audit   gensync: [ '1.0.0-beta.2' ],
74 silly audit   'get-intrinsic': [ '1.3.0' ],
74 silly audit   'get-own-enumerable-property-symbols': [ '3.0.2' ],
74 silly audit   'get-proto': [ '1.0.1' ],
74 silly audit   'get-symbol-description': [ '1.1.0' ],
74 silly audit   'get-tsconfig': [ '4.13.0' ],
74 silly audit   glob: [ '7.2.3' ],
74 silly audit   'glob-to-regexp': [ '0.4.1' ],
74 silly audit   globalthis: [ '1.0.4' ],
74 silly audit   gopd: [ '1.2.0' ],
74 silly audit   'graceful-fs': [ '4.2.11' ],
74 silly audit   'has-bigints': [ '1.1.0' ],
74 silly audit   'has-flag': [ '4.0.0' ],
74 silly audit   'has-property-descriptors': [ '1.0.2' ],
74 silly audit   'has-proto': [ '1.2.0' ],
74 silly audit   'has-symbols': [ '1.1.0' ],
74 silly audit   'has-tostringtag': [ '1.0.2' ],
74 silly audit   hasown: [ '2.0.2' ],
74 silly audit   'hermes-estree': [ '0.25.1' ],
74 silly audit   'hermes-parser': [ '0.25.1' ],
74 silly audit   idb: [ '7.1.1' ],
74 silly audit   'import-fresh': [ '3.3.1' ],
74 silly audit   imurmurhash: [ '0.1.4' ],
74 silly audit   inflight: [ '1.0.6' ],
74 silly audit   inherits: [ '2.0.4' ],
74 silly audit   'internal-slot': [ '1.1.0' ],
74 silly audit   'is-array-buffer': [ '3.0.5' ],
74 silly audit   'is-async-function': [ '2.1.1' ],
74 silly audit   'is-bigint': [ '1.1.0' ],
74 silly audit   'is-boolean-object': [ '1.2.2' ],
74 silly audit   'is-bun-module': [ '2.0.0' ],
74 silly audit   'is-callable': [ '1.2.7' ],
74 silly audit   'is-core-module': [ '2.16.1' ],
74 silly audit   'is-data-view': [ '1.0.2' ],
74 silly audit   'is-date-object': [ '1.1.0' ],
74 silly audit   'is-extglob': [ '2.1.1' ],
74 silly audit   'is-finalizationregistry': [ '1.1.1' ],
74 silly audit   'is-generator-function': [ '1.1.2' ],
74 silly audit   'is-glob': [ '4.0.3' ],
74 silly audit   'is-map': [ '2.0.3' ],
74 silly audit   'is-module': [ '1.0.0' ],
74 silly audit   'is-negative-zero': [ '2.0.3' ],
74 silly audit   'is-number': [ '7.0.0' ],
74 silly audit   'is-number-object': [ '1.1.1' ],
74 silly audit   'is-obj': [ '1.0.1' ],
74 silly audit   'is-path-cwd': [ '2.2.0' ],
74 silly audit   'is-path-in-cwd': [ '2.1.0' ],
74 silly audit   'is-path-inside': [ '2.1.0' ],
74 silly audit   'is-regex': [ '1.2.1' ],
74 silly audit   'is-regexp': [ '1.0.0' ],
74 silly audit   'is-set': [ '2.0.3' ],
74 silly audit   'is-shared-array-buffer': [ '1.0.4' ],
74 silly audit   'is-stream': [ '2.0.1' ],
74 silly audit   'is-string': [ '1.1.1' ],
74 silly audit   'is-symbol': [ '1.1.1' ],
74 silly audit   'is-typed-array': [ '1.1.15' ],
74 silly audit   'is-weakmap': [ '2.0.2' ],
74 silly audit   'is-weakref': [ '1.1.1' ],
74 silly audit   'is-weakset': [ '2.0.4' ],
74 silly audit   isarray: [ '2.0.5' ],
74 silly audit   isexe: [ '2.0.0' ],
74 silly audit   'iterator.prototype': [ '1.1.5' ],
74 silly audit   jake: [ '10.9.4' ],
74 silly audit   'jest-worker': [ '27.5.1', '26.6.2' ],
74 silly audit   'supports-color': [ '8.1.1', '7.2.0' ],
74 silly audit   'js-tokens': [ '4.0.0' ],
74 silly audit   'js-yaml': [ '4.1.1' ],
74 silly audit   jsesc: [ '3.1.0' ],
74 silly audit   'json-buffer': [ '3.0.1' ],
74 silly audit   'json-parse-even-better-errors': [ '2.3.1' ],
74 silly audit   'json-schema': [ '0.4.0' ],
74 silly audit   'json-stable-stringify-without-jsonify': [ '1.0.1' ],
74 silly audit   json5: [ '2.2.3', '1.0.2' ],
74 silly audit   jsonfile: [ '6.2.0' ],
74 silly audit   jsonpointer: [ '5.0.1' ],
74 silly audit   'jsx-ast-utils': [ '3.3.5' ],
74 silly audit   keyv: [ '4.5.4' ],
74 silly audit   'language-subtag-registry': [ '0.3.23' ],
74 silly audit   'language-tags': [ '1.0.9' ],
74 silly audit   leven: [ '3.1.0' ],
74 silly audit   levn: [ '0.4.1' ],
74 silly audit   'loader-runner': [ '4.3.1' ],
74 silly audit   'loader-utils': [ '2.0.4' ],
74 silly audit   'locate-path': [ '6.0.0', '5.0.0' ],
74 silly audit   lodash: [ '4.17.21' ],
74 silly audit   'lodash.debounce': [ '4.0.8' ],
74 silly audit   'lodash.merge': [ '4.6.2' ],
74 silly audit   'lodash.sortby': [ '4.7.0' ],
74 silly audit   'loose-envify': [ '1.4.0' ],
74 silly audit   'lru-cache': [ '5.1.1' ],
74 silly audit   'magic-string': [ '0.25.9' ],
74 silly audit   'make-dir': [ '3.1.0' ],
74 silly audit   'math-intrinsics': [ '1.1.0' ],
74 silly audit   'merge-stream': [ '2.0.0' ],
74 silly audit   merge2: [ '1.4.1' ],
74 silly audit   micromatch: [ '4.0.8' ],
74 silly audit   'mime-db': [ '1.52.0' ],
74 silly audit   'mime-types': [ '2.1.35' ],
74 silly audit   minimist: [ '1.2.8' ],
74 silly audit   ms: [ '2.1.3' ],
74 silly audit   nanoid: [ '3.3.11' ],
74 silly audit   'napi-postinstall': [ '0.3.4' ],
74 silly audit   'natural-compare': [ '1.4.0' ],
74 silly audit   'neo-async': [ '2.6.2' ],
74 silly audit   next: [ '16.1.1' ],
74 silly audit   'next-pwa': [ '5.6.0' ],
74 silly audit   'node-releases': [ '2.0.27' ],
74 silly audit   'object-assign': [ '4.1.1' ],
74 silly audit   'object-inspect': [ '1.13.4' ],
74 silly audit   'object-keys': [ '1.1.1' ],
74 silly audit   'object.assign': [ '4.1.7' ],
74 silly audit   'object.entries': [ '1.1.9' ],
74 silly audit   'object.fromentries': [ '2.0.8' ],
74 silly audit   'object.groupby': [ '1.0.3' ],
74 silly audit   'object.values': [ '1.2.1' ],
74 silly audit   once: [ '1.4.0' ],
74 silly audit   optionator: [ '0.9.4' ],
74 silly audit   'own-keys': [ '1.0.1' ],
74 silly audit   'p-limit': [ '3.1.0', '2.3.0' ],
74 silly audit   'p-locate': [ '5.0.0', '4.1.0' ],
74 silly audit   'p-map': [ '2.1.0' ],
74 silly audit   'p-try': [ '2.2.0' ],
74 silly audit   'parent-module': [ '1.0.1' ],
74 silly audit   'path-exists': [ '4.0.0' ],
74 silly audit   'path-is-absolute': [ '1.0.1' ],
74 silly audit   'path-is-inside': [ '1.0.2' ],
74 silly audit   'path-key': [ '3.1.1' ],
74 silly audit   'path-parse': [ '1.0.7' ],
74 silly audit   'path-type': [ '4.0.0' ],
74 silly audit   picocolors: [ '1.1.1' ],
74 silly audit   picomatch: [ '2.3.1', '4.0.3' ],
74 silly audit   pinkie: [ '2.0.4' ],
74 silly audit   'pinkie-promise': [ '2.0.1' ],
74 silly audit   'pkg-dir': [ '4.2.0' ],
74 silly audit   'possible-typed-array-names': [ '1.1.0' ],
74 silly audit   postcss: [ '8.4.31' ],
74 silly audit   'prelude-ls': [ '1.2.1' ],
74 silly audit   'pretty-bytes': [ '5.6.0' ],
74 silly audit   'prop-types': [ '15.8.1' ],
74 silly audit   punycode: [ '2.3.1' ],
74 silly audit   'queue-microtask': [ '1.2.3' ],
74 silly audit   randombytes: [ '2.1.0' ],
74 silly audit   react: [ '19.2.3' ],
74 silly audit   'react-dom': [ '19.2.3' ],
74 silly audit   'react-is': [ '16.13.1' ],
74 silly audit   'reflect.getprototypeof': [ '1.0.10' ],
74 silly audit   regenerate: [ '1.4.2' ],
74 silly audit   'regenerate-unicode-properties': [ '10.2.2' ],
74 silly audit   'regexp.prototype.flags': [ '1.5.4' ],
74 silly audit   'regexpu-core': [ '6.4.0' ],
74 silly audit   regjsgen: [ '0.8.0' ],
74 silly audit   regjsparser: [ '0.13.0' ],
74 silly audit   'require-from-string': [ '2.0.2' ],
74 silly audit   'resolve-from': [ '4.0.0' ],
74 silly audit   'resolve-pkg-maps': [ '1.0.0' ],
74 silly audit   reusify: [ '1.1.0' ],
74 silly audit   rimraf: [ '2.7.1' ],
74 silly audit   rollup: [ '2.79.2' ],
74 silly audit   'rollup-plugin-terser': [ '7.0.2' ],
74 silly audit   'serialize-javascript': [ '4.0.0', '6.0.2' ],
74 silly audit   'run-parallel': [ '1.2.0' ],
74 silly audit   'safe-array-concat': [ '1.1.3' ],
74 silly audit   'safe-buffer': [ '5.2.1' ],
74 silly audit   'safe-push-apply': [ '1.0.0' ],
74 silly audit   'safe-regex-test': [ '1.1.0' ],
74 silly audit   scheduler: [ '0.27.0' ],
74 silly audit   'schema-utils': [ '2.7.1', '4.3.3' ],
74 silly audit   'set-function-length': [ '1.2.2' ],
74 silly audit   'set-function-name': [ '2.0.2' ],
74 silly audit   'set-proto': [ '1.0.0' ],
74 silly audit   sharp: [ '0.34.5' ],
74 silly audit   'shebang-command': [ '2.0.0' ],
74 silly audit   'shebang-regex': [ '3.0.0' ],
74 silly audit   'side-channel': [ '1.1.0' ],
74 silly audit   'side-channel-list': [ '1.0.0' ],
74 silly audit   'side-channel-map': [ '1.0.1' ],
74 silly audit   'side-channel-weakmap': [ '1.0.2' ],
74 silly audit   slash: [ '3.0.0' ],
74 silly audit   'source-list-map': [ '2.0.1' ],
74 silly audit   'source-map': [ '0.6.1', '0.8.0-beta.0' ],
74 silly audit   'source-map-js': [ '1.2.1' ],
74 silly audit   'source-map-support': [ '0.5.21' ],
74 silly audit   'sourcemap-codec': [ '1.4.8' ],
74 silly audit   'stable-hash': [ '0.0.5' ],
74 silly audit   'stop-iteration-iterator': [ '1.1.0' ],
74 silly audit   'string.prototype.includes': [ '2.0.1' ],
74 silly audit   'string.prototype.matchall': [ '4.0.12' ],
74 silly audit   'string.prototype.repeat': [ '1.0.0' ],
74 silly audit   'string.prototype.trim': [ '1.2.10' ],
74 silly audit   'string.prototype.trimend': [ '1.0.9' ],
74 silly audit   'string.prototype.trimstart': [ '1.0.8' ],
74 silly audit   'stringify-object': [ '3.3.0' ],
74 silly audit   'strip-bom': [ '3.0.0' ],
74 silly audit   'strip-comments': [ '2.0.1' ],
74 silly audit   'strip-json-comments': [ '3.1.1' ],
74 silly audit   'styled-jsx': [ '5.1.6' ],
74 silly audit   'supports-preserve-symlinks-flag': [ '1.0.0' ],
74 silly audit   tapable: [ '2.3.0' ],
74 silly audit   'temp-dir': [ '2.0.0' ],
74 silly audit   tempy: [ '0.6.0' ],
74 silly audit   terser: [ '5.44.1' ],
74 silly audit   'terser-webpack-plugin': [ '5.3.16' ],
74 silly audit   tinyglobby: [ '0.2.15' ],
74 silly audit   fdir: [ '6.5.0' ],
74 silly audit   'to-regex-range': [ '5.0.1' ],
74 silly audit   tr46: [ '1.0.1' ],
74 silly audit   'ts-api-utils': [ '2.4.0' ],
74 silly audit   'tsconfig-paths': [ '3.15.0' ],
74 silly audit   tslib: [ '2.8.1' ],
74 silly audit   'type-check': [ '0.4.0' ],
74 silly audit   'type-fest': [ '0.16.0' ],
74 silly audit   'typed-array-buffer': [ '1.0.3' ],
74 silly audit   'typed-array-byte-length': [ '1.0.3' ],
74 silly audit   'typed-array-byte-offset': [ '1.0.4' ],
74 silly audit   'typed-array-length': [ '1.0.7' ],
74 silly audit   typescript: [ '5.9.3' ],
74 silly audit   'typescript-eslint': [ '8.53.0' ],
74 silly audit   'unbox-primitive': [ '1.1.0' ],
74 silly audit   'undici-types': [ '7.16.0' ],
74 silly audit   'unicode-canonical-property-names-ecmascript': [ '2.0.1' ],
74 silly audit   'unicode-match-property-ecmascript': [ '2.0.0' ],
74 silly audit   'unicode-match-property-value-ecmascript': [ '2.2.1' ],
74 silly audit   'unicode-property-aliases-ecmascript': [ '2.2.0' ],
74 silly audit   'unique-string': [ '2.0.0' ],
74 silly audit   universalify: [ '2.0.1' ],
74 silly audit   'unrs-resolver': [ '1.11.1' ],
74 silly audit   upath: [ '1.2.0' ],
74 silly audit   'update-browserslist-db': [ '1.2.3' ],
74 silly audit   'uri-js': [ '4.4.1' ],
74 silly audit   watchpack: [ '2.5.0' ],
74 silly audit   'webidl-conversions': [ '4.0.2' ],
74 silly audit   webpack: [ '5.104.1' ],
74 silly audit   'webpack-sources': [ '3.3.3', '1.4.3' ],
74 silly audit   'whatwg-url': [ '7.1.0' ],
74 silly audit   which: [ '2.0.2' ],
74 silly audit   'which-boxed-primitive': [ '1.1.1' ],
74 silly audit   'which-builtin-type': [ '1.2.1' ],
74 silly audit   'which-collection': [ '1.0.2' ],
74 silly audit   'which-typed-array': [ '1.1.19' ],
74 silly audit   'word-wrap': [ '1.2.5' ],
74 silly audit   'workbox-background-sync': [ '6.6.0' ],
74 silly audit   'workbox-broadcast-update': [ '6.6.0' ],
74 silly audit   'workbox-build': [ '6.6.0' ],
74 silly audit   '@apideck/better-ajv-errors': [ '0.3.6' ],
74 silly audit   'workbox-cacheable-response': [ '6.6.0' ],
74 silly audit   'workbox-core': [ '6.6.0' ],
74 silly audit   'workbox-expiration': [ '6.6.0' ],
74 silly audit   'workbox-google-analytics': [ '6.6.0' ],
74 silly audit   'workbox-navigation-preload': [ '6.6.0' ],
74 silly audit   'workbox-precaching': [ '6.6.0' ],
74 silly audit   'workbox-range-requests': [ '6.6.0' ],
74 silly audit   'workbox-recipes': [ '6.6.0' ],
74 silly audit   'workbox-routing': [ '6.6.0' ],
74 silly audit   'workbox-strategies': [ '6.6.0' ],
74 silly audit   'workbox-streams': [ '6.6.0' ],
74 silly audit   'workbox-sw': [ '6.6.0' ],
74 silly audit   'workbox-webpack-plugin': [ '6.6.0' ],
74 silly audit   'workbox-window': [ '6.6.0' ],
74 silly audit   wrappy: [ '1.0.2' ],
74 silly audit   yallist: [ '3.1.1' ],
74 silly audit   'yocto-queue': [ '0.1.0' ],
74 silly audit   zod: [ '4.3.5' ],
74 silly audit   'zod-validation-error': [ '4.0.2' ],
74 silly audit   '@supabase/supabase-js': [ '2.90.1' ],
74 silly audit   '@supabase/auth-js': [ '2.90.1' ],
74 silly audit   '@supabase/functions-js': [ '2.90.1' ],
74 silly audit   '@supabase/postgrest-js': [ '2.90.1' ],
74 silly audit   '@supabase/realtime-js': [ '2.90.1' ],
74 silly audit   '@supabase/storage-js': [ '2.90.1' ],
74 silly audit   '@types/phoenix': [ '1.6.7' ],
74 silly audit   '@types/ws': [ '8.18.1' ],
74 silly audit   ws: [ '8.19.0' ],
74 silly audit   'iceberg-js': [ '0.8.1' ]
74 silly audit }
75 verbose reify failed optional dependency /Volumes/SAGAR 128GB/PERSONAL TRACKER/node_modules/@unrs/resolver-binding-win32-x64-msvc
76 silly reify mark deleted [
76 silly reify   '/Volumes/SAGAR 128GB/PERSONAL TRACKER/node_modules/@unrs/resolver-binding-win32-x64-msvc'
76 silly reify ]
77 verbose reify failed optional dependency /Volumes/SAGAR 128GB/PERSONAL TRACKER/node_modules/@unrs/resolver-binding-win32-ia32-msvc
78 silly reify mark deleted [
78 silly reify   '/Volumes/SAGAR 128GB/PERSONAL TRACKER/node_modules/@unrs/resolver-binding-win32-ia32-msvc'
78 silly reify ]
79 verbose reify failed optional dependency /Volumes/SAGAR 128GB/PERSONAL TRACKER/node_modules/@unrs/resolver-binding-win32-arm64-msvc
80 silly reify mark deleted [
80 silly reify   '/Volumes/SAGAR 128GB/PERSONAL TRACKER/node_modules/@unrs/resolver-binding-win32-arm64-msvc'
80 silly reify ]
81 verbose reify failed optional dependency /Volumes/SAGAR 128GB/PERSONAL TRACKER/node_modules/@unrs/resolver-binding-wasm32-wasi
82 silly reify mark deleted [
82 silly reify   '/Volumes/SAGAR 128GB/PERSONAL TRACKER/node_modules/@unrs/resolver-binding-wasm32-wasi'
82 silly reify ]
83 verbose reify failed optional dependency /Volumes/SAGAR 128GB/PERSONAL TRACKER/node_modules/@napi-rs/wasm-runtime
84 silly reify mark deleted [
84 silly reify   '/Volumes/SAGAR 128GB/PERSONAL TRACKER/node_modules/@napi-rs/wasm-runtime'
84 silly reify ]
85 verbose reify failed optional dependency /Volumes/SAGAR 128GB/PERSONAL TRACKER/node_modules/@emnapi/core
86 silly reify mark deleted [ '/Volumes/SAGAR 128GB/PERSONAL TRACKER/node_modules/@emnapi/core' ]
87 verbose reify failed optional dependency /Volumes/SAGAR 128GB/PERSONAL TRACKER/node_modules/@tybys/wasm-util
88 silly reify mark deleted [
88 silly reify   '/Volumes/SAGAR 128GB/PERSONAL TRACKER/node_modules/@tybys/wasm-util'
88 silly reify ]
89 verbose reify failed optional dependency /Volumes/SAGAR 128GB/PERSONAL TRACKER/node_modules/@emnapi/wasi-threads
90 silly reify mark deleted [
90 silly reify   '/Volumes/SAGAR 128GB/PERSONAL TRACKER/node_modules/@emnapi/wasi-threads'
90 silly reify ]
91 verbose reify failed optional dependency /Volumes/SAGAR 128GB/PERSONAL TRACKER/node_modules/@unrs/resolver-binding-linux-x64-musl
92 silly reify mark deleted [
92 silly reify   '/Volumes/SAGAR 128GB/PERSONAL TRACKER/node_modules/@unrs/resolver-binding-linux-x64-musl'
92 silly reify ]
93 verbose reify failed optional dependency /Volumes/SAGAR 128GB/PERSONAL TRACKER/node_modules/@unrs/resolver-binding-linux-x64-gnu
94 silly reify mark deleted [
94 silly reify   '/Volumes/SAGAR 128GB/PERSONAL TRACKER/node_modules/@unrs/resolver-binding-linux-x64-gnu'
94 silly reify ]
95 verbose reify failed optional dependency /Volumes/SAGAR 128GB/PERSONAL TRACKER/node_modules/@unrs/resolver-binding-linux-s390x-gnu
96 silly reify mark deleted [
96 silly reify   '/Volumes/SAGAR 128GB/PERSONAL TRACKER/node_modules/@unrs/resolver-binding-linux-s390x-gnu'
96 silly reify ]
97 verbose reify failed optional dependency /Volumes/SAGAR 128GB/PERSONAL TRACKER/node_modules/@unrs/resolver-binding-linux-riscv64-musl
98 silly reify mark deleted [
98 silly reify   '/Volumes/SAGAR 128GB/PERSONAL TRACKER/node_modules/@unrs/resolver-binding-linux-riscv64-musl'
98 silly reify ]
99 verbose reify failed optional dependency /Volumes/SAGAR 128GB/PERSONAL TRACKER/node_modules/@unrs/resolver-binding-linux-riscv64-gnu
100 silly reify mark deleted [
100 silly reify   '/Volumes/SAGAR 128GB/PERSONAL TRACKER/node_modules/@unrs/resolver-binding-linux-riscv64-gnu'
100 silly reify ]
101 verbose reify failed optional dependency /Volumes/SAGAR 128GB/PERSONAL TRACKER/node_modules/@unrs/resolver-binding-linux-ppc64-gnu
102 silly reify mark deleted [
102 silly reify   '/Volumes/SAGAR 128GB/PERSONAL TRACKER/node_modules/@unrs/resolver-binding-linux-ppc64-gnu'
102 silly reify ]
103 verbose reify failed optional dependency /Volumes/SAGAR 128GB/PERSONAL TRACKER/node_modules/@unrs/resolver-binding-linux-arm64-musl
104 silly reify mark deleted [
104 silly reify   '/Volumes/SAGAR 128GB/PERSONAL TRACKER/node_modules/@unrs/resolver-binding-linux-arm64-musl'
104 silly reify ]
105 verbose reify failed optional dependency /Volumes/SAGAR 128GB/PERSONAL TRACKER/node_modules/@unrs/resolver-binding-linux-arm64-gnu
106 silly reify mark deleted [
106 silly reify   '/Volumes/SAGAR 128GB/PERSONAL TRACKER/node_modules/@unrs/resolver-binding-linux-arm64-gnu'
106 silly reify ]
107 verbose reify failed optional dependency /Volumes/SAGAR 128GB/PERSONAL TRACKER/node_modules/@unrs/resolver-binding-linux-arm-musleabihf
108 silly reify mark deleted [
108 silly reify   '/Volumes/SAGAR 128GB/PERSONAL TRACKER/node_modules/@unrs/resolver-binding-linux-arm-musleabihf'
108 silly reify ]
109 verbose reify failed optional dependency /Volumes/SAGAR 128GB/PERSONAL TRACKER/node_modules/@unrs/resolver-binding-linux-arm-gnueabihf
110 silly reify mark deleted [
110 silly reify   '/Volumes/SAGAR 128GB/PERSONAL TRACKER/node_modules/@unrs/resolver-binding-linux-arm-gnueabihf'
110 silly reify ]
111 verbose reify failed optional dependency /Volumes/SAGAR 128GB/PERSONAL TRACKER/node_modules/@unrs/resolver-binding-freebsd-x64
112 silly reify mark deleted [
112 silly reify   '/Volumes/SAGAR 128GB/PERSONAL TRACKER/node_modules/@unrs/resolver-binding-freebsd-x64'
112 silly reify ]
113 verbose reify failed optional dependency /Volumes/SAGAR 128GB/PERSONAL TRACKER/node_modules/@unrs/resolver-binding-darwin-arm64
114 silly reify mark deleted [
114 silly reify   '/Volumes/SAGAR 128GB/PERSONAL TRACKER/node_modules/@unrs/resolver-binding-darwin-arm64'
114 silly reify ]
115 verbose reify failed optional dependency /Volumes/SAGAR 128GB/PERSONAL TRACKER/node_modules/@unrs/resolver-binding-android-arm64
116 silly reify mark deleted [
116 silly reify   '/Volumes/SAGAR 128GB/PERSONAL TRACKER/node_modules/@unrs/resolver-binding-android-arm64'
116 silly reify ]
117 verbose reify failed optional dependency /Volumes/SAGAR 128GB/PERSONAL TRACKER/node_modules/@unrs/resolver-binding-android-arm-eabi
118 silly reify mark deleted [
118 silly reify   '/Volumes/SAGAR 128GB/PERSONAL TRACKER/node_modules/@unrs/resolver-binding-android-arm-eabi'
118 silly reify ]
119 verbose reify failed optional dependency /Volumes/SAGAR 128GB/PERSONAL TRACKER/node_modules/@next/swc-win32-x64-msvc
120 silly reify mark deleted [
120 silly reify   '/Volumes/SAGAR 128GB/PERSONAL TRACKER/node_modules/@next/swc-win32-x64-msvc'
120 silly reify ]
121 verbose reify failed optional dependency /Volumes/SAGAR 128GB/PERSONAL TRACKER/node_modules/@next/swc-win32-arm64-msvc
122 silly reify mark deleted [
122 silly reify   '/Volumes/SAGAR 128GB/PERSONAL TRACKER/node_modules/@next/swc-win32-arm64-msvc'
122 silly reify ]
123 verbose reify failed optional dependency /Volumes/SAGAR 128GB/PERSONAL TRACKER/node_modules/@next/swc-linux-x64-musl
124 silly reify mark deleted [
124 silly reify   '/Volumes/SAGAR 128GB/PERSONAL TRACKER/node_modules/@next/swc-linux-x64-musl'
124 silly reify ]
125 verbose reify failed optional dependency /Volumes/SAGAR 128GB/PERSONAL TRACKER/node_modules/@next/swc-linux-x64-gnu
126 silly reify mark deleted [
126 silly reify   '/Volumes/SAGAR 128GB/PERSONAL TRACKER/node_modules/@next/swc-linux-x64-gnu'
126 silly reify ]
127 verbose reify failed optional dependency /Volumes/SAGAR 128GB/PERSONAL TRACKER/node_modules/@next/swc-linux-arm64-musl
128 silly reify mark deleted [
128 silly reify   '/Volumes/SAGAR 128GB/PERSONAL TRACKER/node_modules/@next/swc-linux-arm64-musl'
128 silly reify ]
129 verbose reify failed optional dependency /Volumes/SAGAR 128GB/PERSONAL TRACKER/node_modules/@next/swc-linux-arm64-gnu
130 silly reify mark deleted [
130 silly reify   '/Volumes/SAGAR 128GB/PERSONAL TRACKER/node_modules/@next/swc-linux-arm64-gnu'
130 silly reify ]
131 verbose reify failed optional dependency /Volumes/SAGAR 128GB/PERSONAL TRACKER/node_modules/@next/swc-darwin-arm64
132 silly reify mark deleted [
132 silly reify   '/Volumes/SAGAR 128GB/PERSONAL TRACKER/node_modules/@next/swc-darwin-arm64'
132 silly reify ]
133 verbose reify failed optional dependency /Volumes/SAGAR 128GB/PERSONAL TRACKER/node_modules/@img/sharp-win32-x64
134 silly reify mark deleted [
134 silly reify   '/Volumes/SAGAR 128GB/PERSONAL TRACKER/node_modules/@img/sharp-win32-x64'
134 silly reify ]
135 verbose reify failed optional dependency /Volumes/SAGAR 128GB/PERSONAL TRACKER/node_modules/@img/sharp-win32-ia32
136 silly reify mark deleted [
136 silly reify   '/Volumes/SAGAR 128GB/PERSONAL TRACKER/node_modules/@img/sharp-win32-ia32'
136 silly reify ]
137 verbose reify failed optional dependency /Volumes/SAGAR 128GB/PERSONAL TRACKER/node_modules/@img/sharp-win32-arm64
138 silly reify mark deleted [
138 silly reify   '/Volumes/SAGAR 128GB/PERSONAL TRACKER/node_modules/@img/sharp-win32-arm64'
138 silly reify ]
139 verbose reify failed optional dependency /Volumes/SAGAR 128GB/PERSONAL TRACKER/node_modules/@img/sharp-wasm32
140 silly reify mark deleted [
140 silly reify   '/Volumes/SAGAR 128GB/PERSONAL TRACKER/node_modules/@img/sharp-wasm32'
140 silly reify ]
141 verbose reify failed optional dependency /Volumes/SAGAR 128GB/PERSONAL TRACKER/node_modules/@img/sharp-linuxmusl-x64
142 silly reify mark deleted [
142 silly reify   '/Volumes/SAGAR 128GB/PERSONAL TRACKER/node_modules/@img/sharp-linuxmusl-x64'
142 silly reify ]
143 verbose reify failed optional dependency /Volumes/SAGAR 128GB/PERSONAL TRACKER/node_modules/@img/sharp-linuxmusl-arm64
144 silly reify mark deleted [
144 silly reify   '/Volumes/SAGAR 128GB/PERSONAL TRACKER/node_modules/@img/sharp-linuxmusl-arm64'
144 silly reify ]
145 verbose reify failed optional dependency /Volumes/SAGAR 128GB/PERSONAL TRACKER/node_modules/@img/sharp-linux-x64
146 silly reify mark deleted [
146 silly reify   '/Volumes/SAGAR 128GB/PERSONAL TRACKER/node_modules/@img/sharp-linux-x64'
146 silly reify ]
147 verbose reify failed optional dependency /Volumes/SAGAR 128GB/PERSONAL TRACKER/node_modules/@img/sharp-linux-s390x
148 silly reify mark deleted [
148 silly reify   '/Volumes/SAGAR 128GB/PERSONAL TRACKER/node_modules/@img/sharp-linux-s390x'
148 silly reify ]
149 verbose reify failed optional dependency /Volumes/SAGAR 128GB/PERSONAL TRACKER/node_modules/@img/sharp-linux-riscv64
150 silly reify mark deleted [
150 silly reify   '/Volumes/SAGAR 128GB/PERSONAL TRACKER/node_modules/@img/sharp-linux-riscv64'
150 silly reify ]
151 verbose reify failed optional dependency /Volumes/SAGAR 128GB/PERSONAL TRACKER/node_modules/@img/sharp-linux-ppc64
152 silly reify mark deleted [
152 silly reify   '/Volumes/SAGAR 128GB/PERSONAL TRACKER/node_modules/@img/sharp-linux-ppc64'
152 silly reify ]
153 verbose reify failed optional dependency /Volumes/SAGAR 128GB/PERSONAL TRACKER/node_modules/@img/sharp-linux-arm64
154 silly reify mark deleted [
154 silly reify   '/Volumes/SAGAR 128GB/PERSONAL TRACKER/node_modules/@img/sharp-linux-arm64'
154 silly reify ]
155 verbose reify failed optional dependency /Volumes/SAGAR 128GB/PERSONAL TRACKER/node_modules/@img/sharp-linux-arm
156 silly reify mark deleted [
156 silly reify   '/Volumes/SAGAR 128GB/PERSONAL TRACKER/node_modules/@img/sharp-linux-arm'
156 silly reify ]
157 verbose reify failed optional dependency /Volumes/SAGAR 128GB/PERSONAL TRACKER/node_modules/@img/sharp-libvips-linuxmusl-x64
158 silly reify mark deleted [
158 silly reify   '/Volumes/SAGAR 128GB/PERSONAL TRACKER/node_modules/@img/sharp-libvips-linuxmusl-x64'
158 silly reify ]
159 verbose reify failed optional dependency /Volumes/SAGAR 128GB/PERSONAL TRACKER/node_modules/@img/sharp-libvips-linuxmusl-arm64
160 silly reify mark deleted [
160 silly reify   '/Volumes/SAGAR 128GB/PERSONAL TRACKER/node_modules/@img/sharp-libvips-linuxmusl-arm64'
160 silly reify ]
161 verbose reify failed optional dependency /Volumes/SAGAR 128GB/PERSONAL TRACKER/node_modules/@img/sharp-libvips-linux-x64
162 silly reify mark deleted [
162 silly reify   '/Volumes/SAGAR 128GB/PERSONAL TRACKER/node_modules/@img/sharp-libvips-linux-x64'
162 silly reify ]
163 verbose reify failed optional dependency /Volumes/SAGAR 128GB/PERSONAL TRACKER/node_modules/@img/sharp-libvips-linux-s390x
164 silly reify mark deleted [
164 silly reify   '/Volumes/SAGAR 128GB/PERSONAL TRACKER/node_modules/@img/sharp-libvips-linux-s390x'
164 silly reify ]
165 verbose reify failed optional dependency /Volumes/SAGAR 128GB/PERSONAL TRACKER/node_modules/@img/sharp-libvips-linux-riscv64
166 silly reify mark deleted [
166 silly reify   '/Volumes/SAGAR 128GB/PERSONAL TRACKER/node_modules/@img/sharp-libvips-linux-riscv64'
166 silly reify ]
167 verbose reify failed optional dependency /Volumes/SAGAR 128GB/PERSONAL TRACKER/node_modules/@img/sharp-libvips-linux-ppc64
168 silly reify mark deleted [
168 silly reify   '/Volumes/SAGAR 128GB/PERSONAL TRACKER/node_modules/@img/sharp-libvips-linux-ppc64'
168 silly reify ]
169 verbose reify failed optional dependency /Volumes/SAGAR 128GB/PERSONAL TRACKER/node_modules/@img/sharp-libvips-linux-arm64
170 silly reify mark deleted [
170 silly reify   '/Volumes/SAGAR 128GB/PERSONAL TRACKER/node_modules/@img/sharp-libvips-linux-arm64'
170 silly reify ]
171 verbose reify failed optional dependency /Volumes/SAGAR 128GB/PERSONAL TRACKER/node_modules/@img/sharp-libvips-linux-arm
172 silly reify mark deleted [
172 silly reify   '/Volumes/SAGAR 128GB/PERSONAL TRACKER/node_modules/@img/sharp-libvips-linux-arm'
172 silly reify ]
173 verbose reify failed optional dependency /Volumes/SAGAR 128GB/PERSONAL TRACKER/node_modules/@img/sharp-libvips-darwin-arm64
174 silly reify mark deleted [
174 silly reify   '/Volumes/SAGAR 128GB/PERSONAL TRACKER/node_modules/@img/sharp-libvips-darwin-arm64'
174 silly reify ]
175 verbose reify failed optional dependency /Volumes/SAGAR 128GB/PERSONAL TRACKER/node_modules/@img/sharp-darwin-arm64
176 silly reify mark deleted [
176 silly reify   '/Volumes/SAGAR 128GB/PERSONAL TRACKER/node_modules/@img/sharp-darwin-arm64'
176 silly reify ]
177 http cache ws@https://registry.npmjs.org/ws/-/ws-8.19.0.tgz 0ms (cache hit)
178 http cache iceberg-js@https://registry.npmjs.org/iceberg-js/-/iceberg-js-0.8.1.tgz 0ms (cache hit)
179 http cache @types/ws@https://registry.npmjs.org/@types/ws/-/ws-8.18.1.tgz 0ms (cache hit)
180 http cache @types/phoenix@https://registry.npmjs.org/@types/phoenix/-/phoenix-1.6.7.tgz 0ms (cache hit)
181 http cache @supabase/storage-js@https://registry.npmjs.org/@supabase/storage-js/-/storage-js-2.90.1.tgz 0ms (cache hit)
182 http cache @supabase/realtime-js@https://registry.npmjs.org/@supabase/realtime-js/-/realtime-js-2.90.1.tgz 0ms (cache hit)
183 http cache @supabase/postgrest-js@https://registry.npmjs.org/@supabase/postgrest-js/-/postgrest-js-2.90.1.tgz 0ms (cache hit)
184 http cache @supabase/functions-js@https://registry.npmjs.org/@supabase/functions-js/-/functions-js-2.90.1.tgz 0ms (cache hit)
185 http cache @supabase/auth-js@https://registry.npmjs.org/@supabase/auth-js/-/auth-js-2.90.1.tgz 0ms (cache hit)
186 http cache @supabase/supabase-js@https://registry.npmjs.org/@supabase/supabase-js/-/supabase-js-2.90.1.tgz 0ms (cache hit)
187 http cache fsevents@https://registry.npmjs.org/fsevents/-/fsevents-2.3.3.tgz 0ms (cache hit)
188 http cache @tybys/wasm-util@https://registry.npmjs.org/@tybys/wasm-util/-/wasm-util-0.10.1.tgz 0ms (cache hit)
189 http cache @napi-rs/wasm-runtime@https://registry.npmjs.org/@napi-rs/wasm-runtime/-/wasm-runtime-0.2.12.tgz 0ms (cache hit)
190 http cache @emnapi/wasi-threads@https://registry.npmjs.org/@emnapi/wasi-threads/-/wasi-threads-1.1.0.tgz 0ms (cache hit)
191 http cache @emnapi/core@https://registry.npmjs.org/@emnapi/core/-/core-1.8.1.tgz 0ms (cache hit)
192 silly tarball no local data for ws@https://registry.npmjs.org/ws/-/ws-8.19.0.tgz. Extracting by manifest.
193 silly tarball no local data for iceberg-js@https://registry.npmjs.org/iceberg-js/-/iceberg-js-0.8.1.tgz. Extracting by manifest.
194 silly tarball no local data for @types/ws@https://registry.npmjs.org/@types/ws/-/ws-8.18.1.tgz. Extracting by manifest.
195 silly tarball no local data for @types/phoenix@https://registry.npmjs.org/@types/phoenix/-/phoenix-1.6.7.tgz. Extracting by manifest.
196 silly tarball no local data for @supabase/storage-js@https://registry.npmjs.org/@supabase/storage-js/-/storage-js-2.90.1.tgz. Extracting by manifest.
197 silly tarball no local data for @supabase/realtime-js@https://registry.npmjs.org/@supabase/realtime-js/-/realtime-js-2.90.1.tgz. Extracting by manifest.
198 silly tarball no local data for @supabase/postgrest-js@https://registry.npmjs.org/@supabase/postgrest-js/-/postgrest-js-2.90.1.tgz. Extracting by manifest.
199 silly tarball no local data for @supabase/functions-js@https://registry.npmjs.org/@supabase/functions-js/-/functions-js-2.90.1.tgz. Extracting by manifest.
200 silly tarball no local data for @supabase/auth-js@https://registry.npmjs.org/@supabase/auth-js/-/auth-js-2.90.1.tgz. Extracting by manifest.
201 silly tarball no local data for @supabase/supabase-js@https://registry.npmjs.org/@supabase/supabase-js/-/supabase-js-2.90.1.tgz. Extracting by manifest.
202 silly tarball no local data for fsevents@https://registry.npmjs.org/fsevents/-/fsevents-2.3.3.tgz. Extracting by manifest.
203 silly tarball no local data for @tybys/wasm-util@https://registry.npmjs.org/@tybys/wasm-util/-/wasm-util-0.10.1.tgz. Extracting by manifest.
204 silly tarball no local data for @napi-rs/wasm-runtime@https://registry.npmjs.org/@napi-rs/wasm-runtime/-/wasm-runtime-0.2.12.tgz. Extracting by manifest.
205 silly tarball no local data for @emnapi/wasi-threads@https://registry.npmjs.org/@emnapi/wasi-threads/-/wasi-threads-1.1.0.tgz. Extracting by manifest.
206 silly tarball no local data for @emnapi/core@https://registry.npmjs.org/@emnapi/core/-/core-1.8.1.tgz. Extracting by manifest.
207 http fetch POST 200 https://registry.npmjs.org/-/npm/v1/security/advisories/bulk 687ms
208 silly audit report {}
209 http fetch GET 200 https://registry.npmjs.org/iceberg-js/-/iceberg-js-0.8.1.tgz 863ms (cache miss)
210 http fetch GET 200 https://registry.npmjs.org/ws/-/ws-8.19.0.tgz 1600ms (cache miss)
211 http fetch GET 200 https://registry.npmjs.org/@types/phoenix/-/phoenix-1.6.7.tgz 2133ms (cache miss)
212 http fetch GET 200 https://registry.npmjs.org/@types/ws/-/ws-8.18.1.tgz 2602ms (cache miss)
213 http fetch GET 200 https://registry.npmjs.org/fsevents/-/fsevents-2.3.3.tgz 2670ms (cache miss)
214 http fetch GET 200 https://registry.npmjs.org/@emnapi/wasi-threads/-/wasi-threads-1.1.0.tgz 3233ms (cache miss)
215 http fetch GET 200 https://registry.npmjs.org/@supabase/functions-js/-/functions-js-2.90.1.tgz 3802ms (cache miss)
216 http fetch GET 200 https://registry.npmjs.org/@supabase/supabase-js/-/supabase-js-2.90.1.tgz 3805ms (cache miss)
217 http fetch GET 200 https://registry.npmjs.org/@emnapi/core/-/core-1.8.1.tgz 3826ms (cache miss)
218 http fetch GET 200 https://registry.npmjs.org/@supabase/postgrest-js/-/postgrest-js-2.90.1.tgz 4088ms (cache miss)
219 http fetch GET 200 https://registry.npmjs.org/@tybys/wasm-util/-/wasm-util-0.10.1.tgz 4075ms (cache miss)
220 http fetch GET 200 https://registry.npmjs.org/@supabase/storage-js/-/storage-js-2.90.1.tgz 4206ms (cache miss)
221 http fetch GET 200 https://registry.npmjs.org/@supabase/realtime-js/-/realtime-js-2.90.1.tgz 4539ms (cache miss)
222 http fetch GET 200 https://registry.npmjs.org/@supabase/auth-js/-/auth-js-2.90.1.tgz 4958ms (cache miss)
223 http fetch GET 200 https://registry.npmjs.org/@napi-rs/wasm-runtime/-/wasm-runtime-0.2.12.tgz 4987ms (cache miss)
224 silly ADD node_modules/iceberg-js
225 silly ADD node_modules/ws
226 silly ADD node_modules/@types/ws
227 silly ADD node_modules/@types/phoenix
228 silly ADD node_modules/@supabase/storage-js
229 silly ADD node_modules/@supabase/realtime-js
230 silly ADD node_modules/@supabase/postgrest-js
231 silly ADD node_modules/@supabase/functions-js
232 silly ADD node_modules/@supabase/auth-js
233 silly ADD node_modules/@supabase/supabase-js
234 silly ADD node_modules/fsevents
235 silly ADD
236 silly ADD
237 silly ADD
238 silly ADD
239 silly ADD
240 silly ADD
241 silly ADD
242 silly ADD
243 silly ADD
244 silly ADD
245 silly ADD
246 silly ADD
247 silly ADD
248 silly ADD
249 silly ADD
250 silly ADD
251 silly ADD
252 silly ADD
253 silly ADD
254 silly ADD
255 silly ADD
256 silly ADD
257 silly ADD
258 silly ADD
259 silly ADD
260 silly ADD
261 silly ADD
262 silly ADD
263 silly ADD
264 silly ADD
265 silly ADD
266 silly ADD
267 silly ADD
268 silly ADD
269 silly ADD
270 silly ADD
271 silly ADD
272 silly ADD
273 silly ADD
274 silly ADD
275 silly ADD
276 silly ADD
277 silly ADD
278 silly ADD
279 silly ADD
280 silly ADD
281 silly ADD
282 silly ADD
283 silly ADD
284 silly ADD
285 silly ADD
286 verbose cwd /Volumes/SAGAR 128GB/PERSONAL TRACKER
287 verbose os Darwin 21.6.0
288 verbose node v22.18.0
289 verbose npm  v10.9.3
290 notice
290 notice New [31mmajor[39m version of npm available! [31m10.9.3[39m -> [34m11.7.0[39m
290 notice Changelog: [34mhttps://github.com/npm/cli/releases/tag/v11.7.0[39m
290 notice To update run: [4mnpm install -g npm@11.7.0[24m
290 notice  { force: true, [Symbol(proc-log.meta)]: true }
291 verbose exit 0
292 info ok
